f:\我的文档\visual studio 2012\projects\image\image\debug\vc110.pdb
f:\我的文档\visual studio 2012\projects\image\image\debug\source.obj
f:\我的文档\visual studio 2012\projects\image\debug\image.ilk
f:\我的文档\visual studio 2012\projects\image\debug\image.exe
f:\我的文档\visual studio 2012\projects\image\debug\image.pdb
f:\我的文档\visual studio 2012\projects\image\image\debug\vc120.pdb
f:\我的文档\visual studio 2012\projects\image\image\debug\vc120.idb
f:\我的文档\visual studio 2012\projects\image\image\debug\cl.command.1.tlog
f:\我的文档\visual studio 2012\projects\image\image\debug\cl.read.1.tlog
f:\我的文档\visual studio 2012\projects\image\image\debug\cl.write.1.tlog
f:\我的文档\visual studio 2012\projects\image\image\debug\link-cvtres.read.1.tlog
f:\我的文档\visual studio 2012\projects\image\image\debug\link-cvtres.write.1.tlog
f:\我的文档\visual studio 2012\projects\image\image\debug\link-rc.read.1.tlog
f:\我的文档\visual studio 2012\projects\image\image\debug\link-rc.write.1.tlog
f:\我的文档\visual studio 2012\projects\image\image\debug\link.10700-cvtres.read.1.tlog
f:\我的文档\visual studio 2012\projects\image\image\debug\link.10700-cvtres.write.1.tlog
f:\我的文档\visual studio 2012\projects\image\image\debug\link.10700-rc.read.1.tlog
f:\我的文档\visual studio 2012\projects\image\image\debug\link.10700-rc.write.1.tlog
f:\我的文档\visual studio 2012\projects\image\image\debug\link.10700.read.1.tlog
f:\我的文档\visual studio 2012\projects\image\image\debug\link.10700.write.1.tlog
f:\我的文档\visual studio 2012\projects\image\image\debug\link.10980-cvtres.read.1.tlog
f:\我的文档\visual studio 2012\projects\image\image\debug\link.10980-cvtres.write.1.tlog
f:\我的文档\visual studio 2012\projects\image\image\debug\link.10980-rc.read.1.tlog
f:\我的文档\visual studio 2012\projects\image\image\debug\link.10980-rc.write.1.tlog
f:\我的文档\visual studio 2012\projects\image\image\debug\link.10980.read.1.tlog
f:\我的文档\visual studio 2012\projects\image\image\debug\link.10980.write.1.tlog
f:\我的文档\visual studio 2012\projects\image\image\debug\link.11360-cvtres.read.1.tlog
f:\我的文档\visual studio 2012\projects\image\image\debug\link.11360-cvtres.write.1.tlog
f:\我的文档\visual studio 2012\projects\image\image\debug\link.11360-rc.read.1.tlog
f:\我的文档\visual studio 2012\projects\image\image\debug\link.11360-rc.write.1.tlog
f:\我的文档\visual studio 2012\projects\image\image\debug\link.11360.read.1.tlog
f:\我的文档\visual studio 2012\projects\image\image\debug\link.11360.write.1.tlog
f:\我的文档\visual studio 2012\projects\image\image\debug\link.11620-cvtres.read.1.tlog
f:\我的文档\visual studio 2012\projects\image\image\debug\link.11620-cvtres.write.1.tlog
f:\我的文档\visual studio 2012\projects\image\image\debug\link.11620-rc.read.1.tlog
f:\我的文档\visual studio 2012\projects\image\image\debug\link.11620-rc.write.1.tlog
f:\我的文档\visual studio 2012\projects\image\image\debug\link.11620.read.1.tlog
f:\我的文档\visual studio 2012\projects\image\image\debug\link.11620.write.1.tlog
f:\我的文档\visual studio 2012\projects\image\image\debug\link.11904-cvtres.read.1.tlog
f:\我的文档\visual studio 2012\projects\image\image\debug\link.11904-cvtres.write.1.tlog
f:\我的文档\visual studio 2012\projects\image\image\debug\link.11904-rc.read.1.tlog
f:\我的文档\visual studio 2012\projects\image\image\debug\link.11904-rc.write.1.tlog
f:\我的文档\visual studio 2012\projects\image\image\debug\link.11904.read.1.tlog
f:\我的文档\visual studio 2012\projects\image\image\debug\link.11904.write.1.tlog
f:\我的文档\visual studio 2012\projects\image\image\debug\link.3696-cvtres.read.1.tlog
f:\我的文档\visual studio 2012\projects\image\image\debug\link.3696-cvtres.write.1.tlog
f:\我的文档\visual studio 2012\projects\image\image\debug\link.3696-rc.read.1.tlog
f:\我的文档\visual studio 2012\projects\image\image\debug\link.3696-rc.write.1.tlog
f:\我的文档\visual studio 2012\projects\image\image\debug\link.3696.read.1.tlog
f:\我的文档\visual studio 2012\projects\image\image\debug\link.3696.write.1.tlog
f:\我的文档\visual studio 2012\projects\image\image\debug\link.6400-cvtres.read.1.tlog
f:\我的文档\visual studio 2012\projects\image\image\debug\link.6400-cvtres.write.1.tlog
f:\我的文档\visual studio 2012\projects\image\image\debug\link.6400-rc.read.1.tlog
f:\我的文档\visual studio 2012\projects\image\image\debug\link.6400-rc.write.1.tlog
f:\我的文档\visual studio 2012\projects\image\image\debug\link.6400.read.1.tlog
f:\我的文档\visual studio 2012\projects\image\image\debug\link.6400.write.1.tlog
f:\我的文档\visual studio 2012\projects\image\image\debug\link.6500-cvtres.read.1.tlog
f:\我的文档\visual studio 2012\projects\image\image\debug\link.6500-cvtres.write.1.tlog
f:\我的文档\visual studio 2012\projects\image\image\debug\link.6500-rc.read.1.tlog
f:\我的文档\visual studio 2012\projects\image\image\debug\link.6500-rc.write.1.tlog
f:\我的文档\visual studio 2012\projects\image\image\debug\link.6500.read.1.tlog
f:\我的文档\visual studio 2012\projects\image\image\debug\link.6500.write.1.tlog
f:\我的文档\visual studio 2012\projects\image\image\debug\link.6980-cvtres.read.1.tlog
f:\我的文档\visual studio 2012\projects\image\image\debug\link.6980-cvtres.write.1.tlog
f:\我的文档\visual studio 2012\projects\image\image\debug\link.6980-rc.read.1.tlog
f:\我的文档\visual studio 2012\projects\image\image\debug\link.6980-rc.write.1.tlog
f:\我的文档\visual studio 2012\projects\image\image\debug\link.6980.read.1.tlog
f:\我的文档\visual studio 2012\projects\image\image\debug\link.6980.write.1.tlog
f:\我的文档\visual studio 2012\projects\image\image\debug\link.9336-cvtres.read.1.tlog
f:\我的文档\visual studio 2012\projects\image\image\debug\link.9336-cvtres.write.1.tlog
f:\我的文档\visual studio 2012\projects\image\image\debug\link.9336-rc.read.1.tlog
f:\我的文档\visual studio 2012\projects\image\image\debug\link.9336-rc.write.1.tlog
f:\我的文档\visual studio 2012\projects\image\image\debug\link.9336.read.1.tlog
f:\我的文档\visual studio 2012\projects\image\image\debug\link.9336.write.1.tlog
f:\我的文档\visual studio 2012\projects\image\image\debug\link.9580-cvtres.read.1.tlog
f:\我的文档\visual studio 2012\projects\image\image\debug\link.9580-cvtres.write.1.tlog
f:\我的文档\visual studio 2012\projects\image\image\debug\link.9580-rc.read.1.tlog
f:\我的文档\visual studio 2012\projects\image\image\debug\link.9580-rc.write.1.tlog
f:\我的文档\visual studio 2012\projects\image\image\debug\link.9580.read.1.tlog
f:\我的文档\visual studio 2012\projects\image\image\debug\link.9580.write.1.tlog
f:\我的文档\visual studio 2012\projects\image\image\debug\link.9696-cvtres.read.1.tlog
f:\我的文档\visual studio 2012\projects\image\image\debug\link.9696-cvtres.write.1.tlog
f:\我的文档\visual studio 2012\projects\image\image\debug\link.9696-rc.read.1.tlog
f:\我的文档\visual studio 2012\projects\image\image\debug\link.9696-rc.write.1.tlog
f:\我的文档\visual studio 2012\projects\image\image\debug\link.9696.read.1.tlog
f:\我的文档\visual studio 2012\projects\image\image\debug\link.9696.write.1.tlog
f:\我的文档\visual studio 2012\projects\image\image\debug\link.command.1.tlog
f:\我的文档\visual studio 2012\projects\image\image\debug\link.read.1.tlog
f:\我的文档\visual studio 2012\projects\image\image\debug\link.write.1.tlog
f:\我的文档\visual studio 2012\projects\image\image\debug\vc110.idb
f:\我的文档\visual studio 2012\projects\image\image\debug\image.tlog\cl.command.1.tlog
f:\我的文档\visual studio 2012\projects\image\image\debug\image.tlog\cl.read.1.tlog
f:\我的文档\visual studio 2012\projects\image\image\debug\image.tlog\cl.write.1.tlog
f:\我的文档\visual studio 2012\projects\image\image\debug\image.tlog\link.command.1.tlog
f:\我的文档\visual studio 2012\projects\image\image\debug\image.tlog\link.read.1.tlog
f:\我的文档\visual studio 2012\projects\image\image\debug\image.tlog\link.write.1.tlog
